-------------------------------------------------------------------------------
Test set: net.moshi.gymlog.UserRepositoryTests
-------------------------------------------------------------------------------
Tests run: 1, Failures: 0, Errors: 1, Skipped: 0, Time elapsed: 0.621 s <<< FAILURE! - in net.moshi.gymlog.UserRepositoryTests
testCreateUser  Time elapsed: 0.001 s  <<< ERROR!
java.lang.IllegalStateException: Failed to load ApplicationContext
Caused by: org.springframework.beans.factory.UnsatisfiedDependencyException: Error creating bean with name 'testEntityManager' defined in class path resource [org/springframework/boot/test/autoconfigure/orm/jpa/TestEntityManagerAutoConfiguration.class]: Unsatisfied dependency expressed through method 'testEntityManager' parameter 0; nested exception is org.springframework.beans.factory.NoSuchBeanDefinitionException: No qualifying bean of type 'javax.persistence.EntityManagerFactory' available: expected at least 1 bean which qualifies as autowire candidate. Dependency annotations: {}
Caused by: org.springframework.beans.factory.NoSuchBeanDefinitionException: No qualifying bean of type 'javax.persistence.EntityManagerFactory' available: expected at least 1 bean which qualifies as autowire candidate. Dependency annotations: {}

